<?xml version="1.0" encoding="UTF-8"?>
<!-- Generated by org.testng.reporters.JUnitXMLReporter -->
<testsuite hostname="jiapengdeMacBook-Pro.local" name="Command line test" tests="11" failures="11" timestamp="5 Jul 2018 08:29:42 GMT" time="63.953" errors="0">
  <testcase name="case1" time="5.013" classname="TestCases.manhuaTest">
    <failure type="java.lang.reflect.InvocationTargetException">
      <![CDATA[java.lang.reflect.InvocationTargetException
	at com.manhua.service.RunUnitService.runCase(RunUnitService.java:85)
	at TestCases.manhuaTest.case1(manhuaTest.java:24)
Caused by: org.openqa.selenium.remote.UnreachableBrowserException: Error communicating with the remote browser. It may have died.
Build info: version: '2.53.0', revision: '35ae25b1534ae328c771e0856c93e187490ca824', time: '2016-03-15 10:43:46'
System info: host: 'jiapengdeMacBook-Pro.local', ip: '192.168.1.131', os.name: 'Mac OS X', os.arch: 'x86_64', os.version: '10.13.5', java.version: '1.8.0_144'
Driver info: driver.version: AndroidDriver
Capabilities [{appPackage=com.weibo.comic, noReset=true, deviceName=M960BDPT22664, fullReset=false, platform=LINUX, deviceUDID=M960BDPT22664, desired={app=/Users/jiapeng/Downloads/Appium/TestData/App/manhua.apk, noReset=true, noSign=true, newCommandTimeout=60000, platformVersion=6.0, automationName=Appium, sessionOverride=false, unicodeKeyboard=true, platformName=Android, deviceName=emulator-5554, fullReset=false, resetKeyboard=true}, newCommandTimeout=60000, platformVersion=6.0.1, webStorageEnabled=false, automationName=Appium, takesScreenshot=true, javascriptEnabled=true, unicodeKeyboard=true, platformName=Android, deviceManufacturer=Meizu, resetKeyboard=true, app=/Users/jiapeng/Downloads/Appium/TestData/App/manhua.apk, deviceScreenSize=1440x2560, networkConnectionEnabled=true, noSign=true, warnings={}, appWaitPackage=com.weibo.comic, appWaitActivity=com.sina.anime.ui.activity.SplashActivity, databaseEnabled=false, appActivity=com.sina.anime.ui.activity.SplashActivity, locationContextEnabled=false, deviceModel=PRO 6 Plus, sessionOverride=false}]
Session ID: bf9775c6-9aea-4965-9989-85c9c0527fef
	at org.openqa.selenium.remote.RemoteWebDriver.execute(RemoteWebDriver.java:665)
	at io.appium.java_client.DefaultGenericMobileDriver.execute(DefaultGenericMobileDriver.java:42)
	at io.appium.java_client.AppiumDriver.execute(AppiumDriver.java:1)
	at io.appium.java_client.android.AndroidDriver.execute(AndroidDriver.java:1)
	at org.openqa.selenium.remote.RemoteWebDriver$RemoteWebDriverOptions$RemoteTimeouts.implicitlyWait(RemoteWebDriver.java:865)
	at com.manhua.handler.ClickActionHandler.androidClick(ClickActionHandler.java:106)
	... 39 more
Caused by: org.openqa.selenium.WebDriverException: org.apache.http.conn.HttpHostConnectException: Connect to 127.0.0.1:4723 [/127.0.0.1] failed: Connection refused (Connection refused)
Build info: version: '2.53.0', revision: '35ae25b1534ae328c771e0856c93e187490ca824', time: '2016-03-15 10:43:46'
System info: host: 'jiapengdeMacBook-Pro.local', ip: '192.168.1.131', os.name: 'Mac OS X', os.arch: 'x86_64', os.version: '10.13.5', java.version: '1.8.0_144'
Driver info: driver.version: AndroidDriver
	at io.appium.java_client.remote.AppiumCommandExecutor.execute(AppiumCommandExecutor.java:79)
	at org.openqa.selenium.remote.RemoteWebDriver.execute(RemoteWebDriver.java:644)
	... 44 more
Caused by: org.apache.http.conn.HttpHostConnectException: Connect to 127.0.0.1:4723 [/127.0.0.1] failed: Connection refused (Connection refused)
	at org.apache.http.impl.conn.HttpClientConnectionOperator.connect(HttpClientConnectionOperator.java:140)
	at org.apache.http.impl.conn.PoolingHttpClientConnectionManager.connect(PoolingHttpClientConnectionManager.java:314)
	at org.apache.http.impl.execchain.MainClientExec.establishRoute(MainClientExec.java:363)
	at org.apache.http.impl.execchain.MainClientExec.execute(MainClientExec.java:219)
	at org.apache.http.impl.execchain.ProtocolExec.execute(ProtocolExec.java:195)
	at org.apache.http.impl.execchain.RetryExec.execute(RetryExec.java:86)
	at org.apache.http.impl.execchain.RedirectExec.execute(RedirectExec.java:108)
	at org.apache.http.impl.client.InternalHttpClient.doExecute(InternalHttpClient.java:186)
	at org.apache.http.impl.client.CloseableHttpClient.execute(CloseableHttpClient.java:72)
	at org.apache.http.impl.client.CloseableHttpClient.execute(CloseableHttpClient.java:57)
	at org.openqa.selenium.remote.internal.ApacheHttpClient.fallBackExecute(ApacheHttpClient.java:144)
	at org.openqa.selenium.remote.internal.ApacheHttpClient.execute(ApacheHttpClient.java:90)
	at org.openqa.selenium.remote.HttpCommandExecutor.execute(HttpCommandExecutor.java:142)
	at io.appium.java_client.remote.AppiumCommandExecutor.execute(AppiumCommandExecutor.java:67)
	... 45 more
Caused by: java.net.ConnectException: Connection refused (Connection refused)
	at java.net.PlainSocketImpl.socketConnect(Native Method)
	at java.net.AbstractPlainSocketImpl.doConnect(AbstractPlainSocketImpl.java:350)
	at java.net.AbstractPlainSocketImpl.connectToAddress(AbstractPlainSocketImpl.java:206)
	at java.net.AbstractPlainSocketImpl.connect(AbstractPlainSocketImpl.java:188)
	at java.net.SocksSocketImpl.connect(SocksSocketImpl.java:392)
	at java.net.Socket.connect(Socket.java:589)
	at org.apache.http.conn.socket.PlainConnectionSocketFactory.connectSocket(PlainConnectionSocketFactory.java:72)
	at org.apache.http.impl.conn.HttpClientConnectionOperator.connect(HttpClientConnectionOperator.java:117)
	... 58 more
... Removed 37 stack frames]]>
    </failure>
  </testcase> <!-- case1 -->
  <testcase name="case11" time="5.016" classname="TestCases.manhuaTest">
    <failure type="java.lang.reflect.InvocationTargetException">
      <![CDATA[java.lang.reflect.InvocationTargetException
	at com.manhua.service.RunUnitService.runCase(RunUnitService.java:85)
	at TestCases.manhuaTest.case11(manhuaTest.java:89)
Caused by: org.openqa.selenium.remote.UnreachableBrowserException: Error communicating with the remote browser. It may have died.
Build info: version: '2.53.0', revision: '35ae25b1534ae328c771e0856c93e187490ca824', time: '2016-03-15 10:43:46'
System info: host: 'jiapengdeMacBook-Pro.local', ip: '192.168.1.131', os.name: 'Mac OS X', os.arch: 'x86_64', os.version: '10.13.5', java.version: '1.8.0_144'
Driver info: driver.version: AndroidDriver
Capabilities [{appPackage=com.weibo.comic, noReset=true, deviceName=M960BDPT22664, fullReset=false, platform=LINUX, deviceUDID=M960BDPT22664, desired={app=/Users/jiapeng/Downloads/Appium/TestData/App/manhua.apk, noReset=true, noSign=true, newCommandTimeout=60000, platformVersion=6.0, automationName=Appium, sessionOverride=false, unicodeKeyboard=true, platformName=Android, deviceName=emulator-5554, fullReset=false, resetKeyboard=true}, newCommandTimeout=60000, platformVersion=6.0.1, webStorageEnabled=false, automationName=Appium, takesScreenshot=true, javascriptEnabled=true, unicodeKeyboard=true, platformName=Android, deviceManufacturer=Meizu, resetKeyboard=true, app=/Users/jiapeng/Downloads/Appium/TestData/App/manhua.apk, deviceScreenSize=1440x2560, networkConnectionEnabled=true, noSign=true, warnings={}, appWaitPackage=com.weibo.comic, appWaitActivity=com.sina.anime.ui.activity.SplashActivity, databaseEnabled=false, appActivity=com.sina.anime.ui.activity.SplashActivity, locationContextEnabled=false, deviceModel=PRO 6 Plus, sessionOverride=false}]
Session ID: bf9775c6-9aea-4965-9989-85c9c0527fef
	at org.openqa.selenium.remote.RemoteWebDriver.execute(RemoteWebDriver.java:665)
	at io.appium.java_client.DefaultGenericMobileDriver.execute(DefaultGenericMobileDriver.java:42)
	at io.appium.java_client.AppiumDriver.execute(AppiumDriver.java:1)
	at io.appium.java_client.android.AndroidDriver.execute(AndroidDriver.java:1)
	at org.openqa.selenium.remote.RemoteWebDriver$RemoteWebDriverOptions$RemoteWindow.getSize(RemoteWebDriver.java:914)
	at com.manhua.handler.SlideActionHandler.commonSlide(SlideActionHandler.java:185)
	at com.manhua.handler.SlideActionHandler.slideUp(SlideActionHandler.java:74)
	... 39 more
Caused by: org.openqa.selenium.WebDriverException: org.apache.http.conn.HttpHostConnectException: Connect to 127.0.0.1:4723 [/127.0.0.1] failed: Connection refused (Connection refused)
Build info: version: '2.53.0', revision: '35ae25b1534ae328c771e0856c93e187490ca824', time: '2016-03-15 10:43:46'
System info: host: 'jiapengdeMacBook-Pro.local', ip: '192.168.1.131', os.name: 'Mac OS X', os.arch: 'x86_64', os.version: '10.13.5', java.version: '1.8.0_144'
Driver info: driver.version: AndroidDriver
	at io.appium.java_client.remote.AppiumCommandExecutor.execute(AppiumCommandExecutor.java:79)
	at org.openqa.selenium.remote.RemoteWebDriver.execute(RemoteWebDriver.java:644)
	... 45 more
Caused by: org.apache.http.conn.HttpHostConnectException: Connect to 127.0.0.1:4723 [/127.0.0.1] failed: Connection refused (Connection refused)
	at org.apache.http.impl.conn.HttpClientConnectionOperator.connect(HttpClientConnectionOperator.java:140)
	at org.apache.http.impl.conn.PoolingHttpClientConnectionManager.connect(PoolingHttpClientConnectionManager.java:314)
	at org.apache.http.impl.execchain.MainClientExec.establishRoute(MainClientExec.java:363)
	at org.apache.http.impl.execchain.MainClientExec.execute(MainClientExec.java:219)
	at org.apache.http.impl.execchain.ProtocolExec.execute(ProtocolExec.java:195)
	at org.apache.http.impl.execchain.RetryExec.execute(RetryExec.java:86)
	at org.apache.http.impl.execchain.RedirectExec.execute(RedirectExec.java:108)
	at org.apache.http.impl.client.InternalHttpClient.doExecute(InternalHttpClient.java:186)
	at org.apache.http.impl.client.CloseableHttpClient.execute(CloseableHttpClient.java:72)
	at org.apache.http.impl.client.CloseableHttpClient.execute(CloseableHttpClient.java:57)
	at org.openqa.selenium.remote.internal.ApacheHttpClient.fallBackExecute(ApacheHttpClient.java:144)
	at org.openqa.selenium.remote.internal.ApacheHttpClient.execute(ApacheHttpClient.java:90)
	at org.openqa.selenium.remote.HttpCommandExecutor.execute(HttpCommandExecutor.java:142)
	at io.appium.java_client.remote.AppiumCommandExecutor.execute(AppiumCommandExecutor.java:67)
	... 46 more
Caused by: java.net.ConnectException: Connection refused (Connection refused)
	at java.net.PlainSocketImpl.socketConnect(Native Method)
	at java.net.AbstractPlainSocketImpl.doConnect(AbstractPlainSocketImpl.java:350)
	at java.net.AbstractPlainSocketImpl.connectToAddress(AbstractPlainSocketImpl.java:206)
	at java.net.AbstractPlainSocketImpl.connect(AbstractPlainSocketImpl.java:188)
	at java.net.SocksSocketImpl.connect(SocksSocketImpl.java:392)
	at java.net.Socket.connect(Socket.java:589)
	at org.apache.http.conn.socket.PlainConnectionSocketFactory.connectSocket(PlainConnectionSocketFactory.java:72)
	at org.apache.http.impl.conn.HttpClientConnectionOperator.connect(HttpClientConnectionOperator.java:117)
	... 59 more
... Removed 37 stack frames]]>
    </failure>
  </testcase> <!-- case11 -->
  <testcase name="case12" time="5.008" classname="TestCases.manhuaTest">
    <failure type="java.lang.reflect.InvocationTargetException">
      <![CDATA[java.lang.reflect.InvocationTargetException
	at com.manhua.service.RunUnitService.runCase(RunUnitService.java:85)
	at TestCases.manhuaTest.case12(manhuaTest.java:96)
Caused by: org.openqa.selenium.remote.UnreachableBrowserException: Error communicating with the remote browser. It may have died.
Build info: version: '2.53.0', revision: '35ae25b1534ae328c771e0856c93e187490ca824', time: '2016-03-15 10:43:46'
System info: host: 'jiapengdeMacBook-Pro.local', ip: '192.168.1.131', os.name: 'Mac OS X', os.arch: 'x86_64', os.version: '10.13.5', java.version: '1.8.0_144'
Driver info: driver.version: AndroidDriver
Capabilities [{appPackage=com.weibo.comic, noReset=true, deviceName=M960BDPT22664, fullReset=false, platform=LINUX, deviceUDID=M960BDPT22664, desired={app=/Users/jiapeng/Downloads/Appium/TestData/App/manhua.apk, noReset=true, noSign=true, newCommandTimeout=60000, platformVersion=6.0, automationName=Appium, sessionOverride=false, unicodeKeyboard=true, platformName=Android, deviceName=emulator-5554, fullReset=false, resetKeyboard=true}, newCommandTimeout=60000, platformVersion=6.0.1, webStorageEnabled=false, automationName=Appium, takesScreenshot=true, javascriptEnabled=true, unicodeKeyboard=true, platformName=Android, deviceManufacturer=Meizu, resetKeyboard=true, app=/Users/jiapeng/Downloads/Appium/TestData/App/manhua.apk, deviceScreenSize=1440x2560, networkConnectionEnabled=true, noSign=true, warnings={}, appWaitPackage=com.weibo.comic, appWaitActivity=com.sina.anime.ui.activity.SplashActivity, databaseEnabled=false, appActivity=com.sina.anime.ui.activity.SplashActivity, locationContextEnabled=false, deviceModel=PRO 6 Plus, sessionOverride=false}]
Session ID: bf9775c6-9aea-4965-9989-85c9c0527fef
	at org.openqa.selenium.remote.RemoteWebDriver.execute(RemoteWebDriver.java:665)
	at io.appium.java_client.DefaultGenericMobileDriver.execute(DefaultGenericMobileDriver.java:42)
	at io.appium.java_client.AppiumDriver.execute(AppiumDriver.java:1)
	at io.appium.java_client.android.AndroidDriver.execute(AndroidDriver.java:1)
	at org.openqa.selenium.remote.RemoteWebDriver$RemoteWebDriverOptions$RemoteTimeouts.implicitlyWait(RemoteWebDriver.java:865)
	at com.manhua.handler.ClickActionHandler.androidClick(ClickActionHandler.java:106)
	... 39 more
Caused by: org.openqa.selenium.WebDriverException: org.apache.http.conn.HttpHostConnectException: Connect to 127.0.0.1:4723 [/127.0.0.1] failed: Connection refused (Connection refused)
Build info: version: '2.53.0', revision: '35ae25b1534ae328c771e0856c93e187490ca824', time: '2016-03-15 10:43:46'
System info: host: 'jiapengdeMacBook-Pro.local', ip: '192.168.1.131', os.name: 'Mac OS X', os.arch: 'x86_64', os.version: '10.13.5', java.version: '1.8.0_144'
Driver info: driver.version: AndroidDriver
	at io.appium.java_client.remote.AppiumCommandExecutor.execute(AppiumCommandExecutor.java:79)
	at org.openqa.selenium.remote.RemoteWebDriver.execute(RemoteWebDriver.java:644)
	... 44 more
Caused by: org.apache.http.conn.HttpHostConnectException: Connect to 127.0.0.1:4723 [/127.0.0.1] failed: Connection refused (Connection refused)
	at org.apache.http.impl.conn.HttpClientConnectionOperator.connect(HttpClientConnectionOperator.java:140)
	at org.apache.http.impl.conn.PoolingHttpClientConnectionManager.connect(PoolingHttpClientConnectionManager.java:314)
	at org.apache.http.impl.execchain.MainClientExec.establishRoute(MainClientExec.java:363)
	at org.apache.http.impl.execchain.MainClientExec.execute(MainClientExec.java:219)
	at org.apache.http.impl.execchain.ProtocolExec.execute(ProtocolExec.java:195)
	at org.apache.http.impl.execchain.RetryExec.execute(RetryExec.java:86)
	at org.apache.http.impl.execchain.RedirectExec.execute(RedirectExec.java:108)
	at org.apache.http.impl.client.InternalHttpClient.doExecute(InternalHttpClient.java:186)
	at org.apache.http.impl.client.CloseableHttpClient.execute(CloseableHttpClient.java:72)
	at org.apache.http.impl.client.CloseableHttpClient.execute(CloseableHttpClient.java:57)
	at org.openqa.selenium.remote.internal.ApacheHttpClient.fallBackExecute(ApacheHttpClient.java:144)
	at org.openqa.selenium.remote.internal.ApacheHttpClient.execute(ApacheHttpClient.java:90)
	at org.openqa.selenium.remote.HttpCommandExecutor.execute(HttpCommandExecutor.java:142)
	at io.appium.java_client.remote.AppiumCommandExecutor.execute(AppiumCommandExecutor.java:67)
	... 45 more
Caused by: java.net.ConnectException: Connection refused (Connection refused)
	at java.net.PlainSocketImpl.socketConnect(Native Method)
	at java.net.AbstractPlainSocketImpl.doConnect(AbstractPlainSocketImpl.java:350)
	at java.net.AbstractPlainSocketImpl.connectToAddress(AbstractPlainSocketImpl.java:206)
	at java.net.AbstractPlainSocketImpl.connect(AbstractPlainSocketImpl.java:188)
	at java.net.SocksSocketImpl.connect(SocksSocketImpl.java:392)
	at java.net.Socket.connect(Socket.java:589)
	at org.apache.http.conn.socket.PlainConnectionSocketFactory.connectSocket(PlainConnectionSocketFactory.java:72)
	at org.apache.http.impl.conn.HttpClientConnectionOperator.connect(HttpClientConnectionOperator.java:117)
	... 58 more
... Removed 37 stack frames]]>
    </failure>
  </testcase> <!-- case12 -->
  <testcase name="case2" time="5.009" classname="TestCases.manhuaTest">
    <failure type="java.lang.reflect.InvocationTargetException">
      <![CDATA[java.lang.reflect.InvocationTargetException
	at com.manhua.service.RunUnitService.runCase(RunUnitService.java:85)
	at TestCases.manhuaTest.case2(manhuaTest.java:32)
Caused by: org.openqa.selenium.remote.UnreachableBrowserException: Error communicating with the remote browser. It may have died.
Build info: version: '2.53.0', revision: '35ae25b1534ae328c771e0856c93e187490ca824', time: '2016-03-15 10:43:46'
System info: host: 'jiapengdeMacBook-Pro.local', ip: '192.168.1.131', os.name: 'Mac OS X', os.arch: 'x86_64', os.version: '10.13.5', java.version: '1.8.0_144'
Driver info: driver.version: AndroidDriver
Capabilities [{appPackage=com.weibo.comic, noReset=true, deviceName=M960BDPT22664, fullReset=false, platform=LINUX, deviceUDID=M960BDPT22664, desired={app=/Users/jiapeng/Downloads/Appium/TestData/App/manhua.apk, noReset=true, noSign=true, newCommandTimeout=60000, platformVersion=6.0, automationName=Appium, sessionOverride=false, unicodeKeyboard=true, platformName=Android, deviceName=emulator-5554, fullReset=false, resetKeyboard=true}, newCommandTimeout=60000, platformVersion=6.0.1, webStorageEnabled=false, automationName=Appium, takesScreenshot=true, javascriptEnabled=true, unicodeKeyboard=true, platformName=Android, deviceManufacturer=Meizu, resetKeyboard=true, app=/Users/jiapeng/Downloads/Appium/TestData/App/manhua.apk, deviceScreenSize=1440x2560, networkConnectionEnabled=true, noSign=true, warnings={}, appWaitPackage=com.weibo.comic, appWaitActivity=com.sina.anime.ui.activity.SplashActivity, databaseEnabled=false, appActivity=com.sina.anime.ui.activity.SplashActivity, locationContextEnabled=false, deviceModel=PRO 6 Plus, sessionOverride=false}]
Session ID: bf9775c6-9aea-4965-9989-85c9c0527fef
	at org.openqa.selenium.remote.RemoteWebDriver.execute(RemoteWebDriver.java:665)
	at io.appium.java_client.DefaultGenericMobileDriver.execute(DefaultGenericMobileDriver.java:42)
	at io.appium.java_client.AppiumDriver.execute(AppiumDriver.java:1)
	at io.appium.java_client.android.AndroidDriver.execute(AndroidDriver.java:1)
	at org.openqa.selenium.remote.RemoteWebDriver$RemoteWebDriverOptions$RemoteTimeouts.implicitlyWait(RemoteWebDriver.java:865)
	at com.manhua.handler.ClickActionHandler.androidClick(ClickActionHandler.java:106)
	... 39 more
Caused by: org.openqa.selenium.WebDriverException: org.apache.http.conn.HttpHostConnectException: Connect to 127.0.0.1:4723 [/127.0.0.1] failed: Connection refused (Connection refused)
Build info: version: '2.53.0', revision: '35ae25b1534ae328c771e0856c93e187490ca824', time: '2016-03-15 10:43:46'
System info: host: 'jiapengdeMacBook-Pro.local', ip: '192.168.1.131', os.name: 'Mac OS X', os.arch: 'x86_64', os.version: '10.13.5', java.version: '1.8.0_144'
Driver info: driver.version: AndroidDriver
	at io.appium.java_client.remote.AppiumCommandExecutor.execute(AppiumCommandExecutor.java:79)
	at org.openqa.selenium.remote.RemoteWebDriver.execute(RemoteWebDriver.java:644)
	... 44 more
Caused by: org.apache.http.conn.HttpHostConnectException: Connect to 127.0.0.1:4723 [/127.0.0.1] failed: Connection refused (Connection refused)
	at org.apache.http.impl.conn.HttpClientConnectionOperator.connect(HttpClientConnectionOperator.java:140)
	at org.apache.http.impl.conn.PoolingHttpClientConnectionManager.connect(PoolingHttpClientConnectionManager.java:314)
	at org.apache.http.impl.execchain.MainClientExec.establishRoute(MainClientExec.java:363)
	at org.apache.http.impl.execchain.MainClientExec.execute(MainClientExec.java:219)
	at org.apache.http.impl.execchain.ProtocolExec.execute(ProtocolExec.java:195)
	at org.apache.http.impl.execchain.RetryExec.execute(RetryExec.java:86)
	at org.apache.http.impl.execchain.RedirectExec.execute(RedirectExec.java:108)
	at org.apache.http.impl.client.InternalHttpClient.doExecute(InternalHttpClient.java:186)
	at org.apache.http.impl.client.CloseableHttpClient.execute(CloseableHttpClient.java:72)
	at org.apache.http.impl.client.CloseableHttpClient.execute(CloseableHttpClient.java:57)
	at org.openqa.selenium.remote.internal.ApacheHttpClient.fallBackExecute(ApacheHttpClient.java:144)
	at org.openqa.selenium.remote.internal.ApacheHttpClient.execute(ApacheHttpClient.java:90)
	at org.openqa.selenium.remote.HttpCommandExecutor.execute(HttpCommandExecutor.java:142)
	at io.appium.java_client.remote.AppiumCommandExecutor.execute(AppiumCommandExecutor.java:67)
	... 45 more
Caused by: java.net.ConnectException: Connection refused (Connection refused)
	at java.net.PlainSocketImpl.socketConnect(Native Method)
	at java.net.AbstractPlainSocketImpl.doConnect(AbstractPlainSocketImpl.java:350)
	at java.net.AbstractPlainSocketImpl.connectToAddress(AbstractPlainSocketImpl.java:206)
	at java.net.AbstractPlainSocketImpl.connect(AbstractPlainSocketImpl.java:188)
	at java.net.SocksSocketImpl.connect(SocksSocketImpl.java:392)
	at java.net.Socket.connect(Socket.java:589)
	at org.apache.http.conn.socket.PlainConnectionSocketFactory.connectSocket(PlainConnectionSocketFactory.java:72)
	at org.apache.http.impl.conn.HttpClientConnectionOperator.connect(HttpClientConnectionOperator.java:117)
	... 58 more
... Removed 37 stack frames]]>
    </failure>
  </testcase> <!-- case2 -->
  <testcase name="case3" time="0.002" classname="TestCases.manhuaTest">
    <failure type="java.lang.reflect.InvocationTargetException">
      <![CDATA[java.lang.reflect.InvocationTargetException
	at com.manhua.service.RunUnitService.runCase(RunUnitService.java:85)
	at TestCases.manhuaTest.case3(manhuaTest.java:39)
Caused by: org.openqa.selenium.remote.UnreachableBrowserException: Error communicating with the remote browser. It may have died.
Build info: version: '2.53.0', revision: '35ae25b1534ae328c771e0856c93e187490ca824', time: '2016-03-15 10:43:46'
System info: host: 'jiapengdeMacBook-Pro.local', ip: '192.168.1.131', os.name: 'Mac OS X', os.arch: 'x86_64', os.version: '10.13.5', java.version: '1.8.0_144'
Driver info: driver.version: AndroidDriver
Capabilities [{appPackage=com.weibo.comic, noReset=true, deviceName=M960BDPT22664, fullReset=false, platform=LINUX, deviceUDID=M960BDPT22664, desired={app=/Users/jiapeng/Downloads/Appium/TestData/App/manhua.apk, noReset=true, noSign=true, newCommandTimeout=60000, platformVersion=6.0, automationName=Appium, sessionOverride=false, unicodeKeyboard=true, platformName=Android, deviceName=emulator-5554, fullReset=false, resetKeyboard=true}, newCommandTimeout=60000, platformVersion=6.0.1, webStorageEnabled=false, automationName=Appium, takesScreenshot=true, javascriptEnabled=true, unicodeKeyboard=true, platformName=Android, deviceManufacturer=Meizu, resetKeyboard=true, app=/Users/jiapeng/Downloads/Appium/TestData/App/manhua.apk, deviceScreenSize=1440x2560, networkConnectionEnabled=true, noSign=true, warnings={}, appWaitPackage=com.weibo.comic, appWaitActivity=com.sina.anime.ui.activity.SplashActivity, databaseEnabled=false, appActivity=com.sina.anime.ui.activity.SplashActivity, locationContextEnabled=false, deviceModel=PRO 6 Plus, sessionOverride=false}]
Session ID: bf9775c6-9aea-4965-9989-85c9c0527fef
	at org.openqa.selenium.remote.RemoteWebDriver.execute(RemoteWebDriver.java:665)
	at io.appium.java_client.DefaultGenericMobileDriver.execute(DefaultGenericMobileDriver.java:42)
	at io.appium.java_client.AppiumDriver.execute(AppiumDriver.java:1)
	at io.appium.java_client.android.AndroidDriver.execute(AndroidDriver.java:1)
	at org.openqa.selenium.remote.RemoteWebDriver$RemoteWebDriverOptions$RemoteTimeouts.implicitlyWait(RemoteWebDriver.java:865)
	at com.manhua.handler.ClickActionHandler.androidClick(ClickActionHandler.java:106)
	... 39 more
Caused by: org.openqa.selenium.WebDriverException: org.apache.http.conn.HttpHostConnectException: Connect to 127.0.0.1:4723 [/127.0.0.1] failed: Connection refused (Connection refused)
Build info: version: '2.53.0', revision: '35ae25b1534ae328c771e0856c93e187490ca824', time: '2016-03-15 10:43:46'
System info: host: 'jiapengdeMacBook-Pro.local', ip: '192.168.1.131', os.name: 'Mac OS X', os.arch: 'x86_64', os.version: '10.13.5', java.version: '1.8.0_144'
Driver info: driver.version: AndroidDriver
	at io.appium.java_client.remote.AppiumCommandExecutor.execute(AppiumCommandExecutor.java:79)
	at org.openqa.selenium.remote.RemoteWebDriver.execute(RemoteWebDriver.java:644)
	... 44 more
Caused by: org.apache.http.conn.HttpHostConnectException: Connect to 127.0.0.1:4723 [/127.0.0.1] failed: Connection refused (Connection refused)
	at org.apache.http.impl.conn.HttpClientConnectionOperator.connect(HttpClientConnectionOperator.java:140)
	at org.apache.http.impl.conn.PoolingHttpClientConnectionManager.connect(PoolingHttpClientConnectionManager.java:314)
	at org.apache.http.impl.execchain.MainClientExec.establishRoute(MainClientExec.java:363)
	at org.apache.http.impl.execchain.MainClientExec.execute(MainClientExec.java:219)
	at org.apache.http.impl.execchain.ProtocolExec.execute(ProtocolExec.java:195)
	at org.apache.http.impl.execchain.RetryExec.execute(RetryExec.java:86)
	at org.apache.http.impl.execchain.RedirectExec.execute(RedirectExec.java:108)
	at org.apache.http.impl.client.InternalHttpClient.doExecute(InternalHttpClient.java:186)
	at org.apache.http.impl.client.CloseableHttpClient.execute(CloseableHttpClient.java:72)
	at org.apache.http.impl.client.CloseableHttpClient.execute(CloseableHttpClient.java:57)
	at org.openqa.selenium.remote.internal.ApacheHttpClient.fallBackExecute(ApacheHttpClient.java:144)
	at org.openqa.selenium.remote.internal.ApacheHttpClient.execute(ApacheHttpClient.java:90)
	at org.openqa.selenium.remote.HttpCommandExecutor.execute(HttpCommandExecutor.java:142)
	at io.appium.java_client.remote.AppiumCommandExecutor.execute(AppiumCommandExecutor.java:67)
	... 45 more
Caused by: java.net.ConnectException: Connection refused (Connection refused)
	at java.net.PlainSocketImpl.socketConnect(Native Method)
	at java.net.AbstractPlainSocketImpl.doConnect(AbstractPlainSocketImpl.java:350)
	at java.net.AbstractPlainSocketImpl.connectToAddress(AbstractPlainSocketImpl.java:206)
	at java.net.AbstractPlainSocketImpl.connect(AbstractPlainSocketImpl.java:188)
	at java.net.SocksSocketImpl.connect(SocksSocketImpl.java:392)
	at java.net.Socket.connect(Socket.java:589)
	at org.apache.http.conn.socket.PlainConnectionSocketFactory.connectSocket(PlainConnectionSocketFactory.java:72)
	at org.apache.http.impl.conn.HttpClientConnectionOperator.connect(HttpClientConnectionOperator.java:117)
	... 58 more
... Removed 37 stack frames]]>
    </failure>
  </testcase> <!-- case3 -->
  <testcase name="case4" time="5.01" classname="TestCases.manhuaTest">
    <failure type="java.lang.reflect.InvocationTargetException">
      <![CDATA[java.lang.reflect.InvocationTargetException
	at com.manhua.service.RunUnitService.runCase(RunUnitService.java:85)
	at TestCases.manhuaTest.case4(manhuaTest.java:46)
Caused by: org.openqa.selenium.remote.UnreachableBrowserException: Error communicating with the remote browser. It may have died.
Build info: version: '2.53.0', revision: '35ae25b1534ae328c771e0856c93e187490ca824', time: '2016-03-15 10:43:46'
System info: host: 'jiapengdeMacBook-Pro.local', ip: '192.168.1.131', os.name: 'Mac OS X', os.arch: 'x86_64', os.version: '10.13.5', java.version: '1.8.0_144'
Driver info: driver.version: AndroidDriver
Capabilities [{appPackage=com.weibo.comic, noReset=true, deviceName=M960BDPT22664, fullReset=false, platform=LINUX, deviceUDID=M960BDPT22664, desired={app=/Users/jiapeng/Downloads/Appium/TestData/App/manhua.apk, noReset=true, noSign=true, newCommandTimeout=60000, platformVersion=6.0, automationName=Appium, sessionOverride=false, unicodeKeyboard=true, platformName=Android, deviceName=emulator-5554, fullReset=false, resetKeyboard=true}, newCommandTimeout=60000, platformVersion=6.0.1, webStorageEnabled=false, automationName=Appium, takesScreenshot=true, javascriptEnabled=true, unicodeKeyboard=true, platformName=Android, deviceManufacturer=Meizu, resetKeyboard=true, app=/Users/jiapeng/Downloads/Appium/TestData/App/manhua.apk, deviceScreenSize=1440x2560, networkConnectionEnabled=true, noSign=true, warnings={}, appWaitPackage=com.weibo.comic, appWaitActivity=com.sina.anime.ui.activity.SplashActivity, databaseEnabled=false, appActivity=com.sina.anime.ui.activity.SplashActivity, locationContextEnabled=false, deviceModel=PRO 6 Plus, sessionOverride=false}]
Session ID: bf9775c6-9aea-4965-9989-85c9c0527fef
	at org.openqa.selenium.remote.RemoteWebDriver.execute(RemoteWebDriver.java:665)
	at io.appium.java_client.DefaultGenericMobileDriver.execute(DefaultGenericMobileDriver.java:42)
	at io.appium.java_client.AppiumDriver.execute(AppiumDriver.java:1)
	at io.appium.java_client.android.AndroidDriver.execute(AndroidDriver.java:1)
	at org.openqa.selenium.remote.RemoteWebDriver$RemoteWebDriverOptions$RemoteTimeouts.implicitlyWait(RemoteWebDriver.java:865)
	at com.manhua.handler.ClickActionHandler.androidClick(ClickActionHandler.java:106)
	... 39 more
Caused by: org.openqa.selenium.WebDriverException: org.apache.http.conn.HttpHostConnectException: Connect to 127.0.0.1:4723 [/127.0.0.1] failed: Connection refused (Connection refused)
Build info: version: '2.53.0', revision: '35ae25b1534ae328c771e0856c93e187490ca824', time: '2016-03-15 10:43:46'
System info: host: 'jiapengdeMacBook-Pro.local', ip: '192.168.1.131', os.name: 'Mac OS X', os.arch: 'x86_64', os.version: '10.13.5', java.version: '1.8.0_144'
Driver info: driver.version: AndroidDriver
	at io.appium.java_client.remote.AppiumCommandExecutor.execute(AppiumCommandExecutor.java:79)
	at org.openqa.selenium.remote.RemoteWebDriver.execute(RemoteWebDriver.java:644)
	... 44 more
Caused by: org.apache.http.conn.HttpHostConnectException: Connect to 127.0.0.1:4723 [/127.0.0.1] failed: Connection refused (Connection refused)
	at org.apache.http.impl.conn.HttpClientConnectionOperator.connect(HttpClientConnectionOperator.java:140)
	at org.apache.http.impl.conn.PoolingHttpClientConnectionManager.connect(PoolingHttpClientConnectionManager.java:314)
	at org.apache.http.impl.execchain.MainClientExec.establishRoute(MainClientExec.java:363)
	at org.apache.http.impl.execchain.MainClientExec.execute(MainClientExec.java:219)
	at org.apache.http.impl.execchain.ProtocolExec.execute(ProtocolExec.java:195)
	at org.apache.http.impl.execchain.RetryExec.execute(RetryExec.java:86)
	at org.apache.http.impl.execchain.RedirectExec.execute(RedirectExec.java:108)
	at org.apache.http.impl.client.InternalHttpClient.doExecute(InternalHttpClient.java:186)
	at org.apache.http.impl.client.CloseableHttpClient.execute(CloseableHttpClient.java:72)
	at org.apache.http.impl.client.CloseableHttpClient.execute(CloseableHttpClient.java:57)
	at org.openqa.selenium.remote.internal.ApacheHttpClient.fallBackExecute(ApacheHttpClient.java:144)
	at org.openqa.selenium.remote.internal.ApacheHttpClient.execute(ApacheHttpClient.java:90)
	at org.openqa.selenium.remote.HttpCommandExecutor.execute(HttpCommandExecutor.java:142)
	at io.appium.java_client.remote.AppiumCommandExecutor.execute(AppiumCommandExecutor.java:67)
	... 45 more
Caused by: java.net.ConnectException: Connection refused (Connection refused)
	at java.net.PlainSocketImpl.socketConnect(Native Method)
	at java.net.AbstractPlainSocketImpl.doConnect(AbstractPlainSocketImpl.java:350)
	at java.net.AbstractPlainSocketImpl.connectToAddress(AbstractPlainSocketImpl.java:206)
	at java.net.AbstractPlainSocketImpl.connect(AbstractPlainSocketImpl.java:188)
	at java.net.SocksSocketImpl.connect(SocksSocketImpl.java:392)
	at java.net.Socket.connect(Socket.java:589)
	at org.apache.http.conn.socket.PlainConnectionSocketFactory.connectSocket(PlainConnectionSocketFactory.java:72)
	at org.apache.http.impl.conn.HttpClientConnectionOperator.connect(HttpClientConnectionOperator.java:117)
	... 58 more
... Removed 37 stack frames]]>
    </failure>
  </testcase> <!-- case4 -->
  <testcase name="case5" time="7.01" classname="TestCases.manhuaTest">
    <failure type="java.lang.reflect.InvocationTargetException">
      <![CDATA[java.lang.reflect.InvocationTargetException
	at com.manhua.service.RunUnitService.runCase(RunUnitService.java:85)
	at TestCases.manhuaTest.case5(manhuaTest.java:53)
Caused by: org.openqa.selenium.remote.UnreachableBrowserException: Error communicating with the remote browser. It may have died.
Build info: version: '2.53.0', revision: '35ae25b1534ae328c771e0856c93e187490ca824', time: '2016-03-15 10:43:46'
System info: host: 'jiapengdeMacBook-Pro.local', ip: '192.168.1.131', os.name: 'Mac OS X', os.arch: 'x86_64', os.version: '10.13.5', java.version: '1.8.0_144'
Driver info: driver.version: AndroidDriver
Capabilities [{appPackage=com.weibo.comic, noReset=true, deviceName=M960BDPT22664, fullReset=false, platform=LINUX, deviceUDID=M960BDPT22664, desired={app=/Users/jiapeng/Downloads/Appium/TestData/App/manhua.apk, noReset=true, noSign=true, newCommandTimeout=60000, platformVersion=6.0, automationName=Appium, sessionOverride=false, unicodeKeyboard=true, platformName=Android, deviceName=emulator-5554, fullReset=false, resetKeyboard=true}, newCommandTimeout=60000, platformVersion=6.0.1, webStorageEnabled=false, automationName=Appium, takesScreenshot=true, javascriptEnabled=true, unicodeKeyboard=true, platformName=Android, deviceManufacturer=Meizu, resetKeyboard=true, app=/Users/jiapeng/Downloads/Appium/TestData/App/manhua.apk, deviceScreenSize=1440x2560, networkConnectionEnabled=true, noSign=true, warnings={}, appWaitPackage=com.weibo.comic, appWaitActivity=com.sina.anime.ui.activity.SplashActivity, databaseEnabled=false, appActivity=com.sina.anime.ui.activity.SplashActivity, locationContextEnabled=false, deviceModel=PRO 6 Plus, sessionOverride=false}]
Session ID: bf9775c6-9aea-4965-9989-85c9c0527fef
	at org.openqa.selenium.remote.RemoteWebDriver.execute(RemoteWebDriver.java:665)
	at io.appium.java_client.DefaultGenericMobileDriver.execute(DefaultGenericMobileDriver.java:42)
	at io.appium.java_client.AppiumDriver.execute(AppiumDriver.java:1)
	at io.appium.java_client.android.AndroidDriver.execute(AndroidDriver.java:1)
	at org.openqa.selenium.remote.RemoteWebDriver$RemoteWebDriverOptions$RemoteTimeouts.implicitlyWait(RemoteWebDriver.java:865)
	at com.manhua.handler.ClickActionHandler.androidClick(ClickActionHandler.java:106)
	... 39 more
Caused by: org.openqa.selenium.WebDriverException: org.apache.http.conn.HttpHostConnectException: Connect to 127.0.0.1:4723 [/127.0.0.1] failed: Connection refused (Connection refused)
Build info: version: '2.53.0', revision: '35ae25b1534ae328c771e0856c93e187490ca824', time: '2016-03-15 10:43:46'
System info: host: 'jiapengdeMacBook-Pro.local', ip: '192.168.1.131', os.name: 'Mac OS X', os.arch: 'x86_64', os.version: '10.13.5', java.version: '1.8.0_144'
Driver info: driver.version: AndroidDriver
	at io.appium.java_client.remote.AppiumCommandExecutor.execute(AppiumCommandExecutor.java:79)
	at org.openqa.selenium.remote.RemoteWebDriver.execute(RemoteWebDriver.java:644)
	... 44 more
Caused by: org.apache.http.conn.HttpHostConnectException: Connect to 127.0.0.1:4723 [/127.0.0.1] failed: Connection refused (Connection refused)
	at org.apache.http.impl.conn.HttpClientConnectionOperator.connect(HttpClientConnectionOperator.java:140)
	at org.apache.http.impl.conn.PoolingHttpClientConnectionManager.connect(PoolingHttpClientConnectionManager.java:314)
	at org.apache.http.impl.execchain.MainClientExec.establishRoute(MainClientExec.java:363)
	at org.apache.http.impl.execchain.MainClientExec.execute(MainClientExec.java:219)
	at org.apache.http.impl.execchain.ProtocolExec.execute(ProtocolExec.java:195)
	at org.apache.http.impl.execchain.RetryExec.execute(RetryExec.java:86)
	at org.apache.http.impl.execchain.RedirectExec.execute(RedirectExec.java:108)
	at org.apache.http.impl.client.InternalHttpClient.doExecute(InternalHttpClient.java:186)
	at org.apache.http.impl.client.CloseableHttpClient.execute(CloseableHttpClient.java:72)
	at org.apache.http.impl.client.CloseableHttpClient.execute(CloseableHttpClient.java:57)
	at org.openqa.selenium.remote.internal.ApacheHttpClient.fallBackExecute(ApacheHttpClient.java:144)
	at org.openqa.selenium.remote.internal.ApacheHttpClient.execute(ApacheHttpClient.java:90)
	at org.openqa.selenium.remote.HttpCommandExecutor.execute(HttpCommandExecutor.java:142)
	at io.appium.java_client.remote.AppiumCommandExecutor.execute(AppiumCommandExecutor.java:67)
	... 45 more
Caused by: java.net.ConnectException: Connection refused (Connection refused)
	at java.net.PlainSocketImpl.socketConnect(Native Method)
	at java.net.AbstractPlainSocketImpl.doConnect(AbstractPlainSocketImpl.java:350)
	at java.net.AbstractPlainSocketImpl.connectToAddress(AbstractPlainSocketImpl.java:206)
	at java.net.AbstractPlainSocketImpl.connect(AbstractPlainSocketImpl.java:188)
	at java.net.SocksSocketImpl.connect(SocksSocketImpl.java:392)
	at java.net.Socket.connect(Socket.java:589)
	at org.apache.http.conn.socket.PlainConnectionSocketFactory.connectSocket(PlainConnectionSocketFactory.java:72)
	at org.apache.http.impl.conn.HttpClientConnectionOperator.connect(HttpClientConnectionOperator.java:117)
	... 58 more
... Removed 37 stack frames]]>
    </failure>
  </testcase> <!-- case5 -->
  <testcase name="case6" time="5.01" classname="TestCases.manhuaTest">
    <failure type="java.lang.reflect.InvocationTargetException">
      <![CDATA[java.lang.reflect.InvocationTargetException
	at com.manhua.service.RunUnitService.runCase(RunUnitService.java:85)
	at TestCases.manhuaTest.case6(manhuaTest.java:60)
Caused by: org.openqa.selenium.remote.UnreachableBrowserException: Error communicating with the remote browser. It may have died.
Build info: version: '2.53.0', revision: '35ae25b1534ae328c771e0856c93e187490ca824', time: '2016-03-15 10:43:46'
System info: host: 'jiapengdeMacBook-Pro.local', ip: '192.168.1.131', os.name: 'Mac OS X', os.arch: 'x86_64', os.version: '10.13.5', java.version: '1.8.0_144'
Driver info: driver.version: AndroidDriver
Capabilities [{appPackage=com.weibo.comic, noReset=true, deviceName=M960BDPT22664, fullReset=false, platform=LINUX, deviceUDID=M960BDPT22664, desired={app=/Users/jiapeng/Downloads/Appium/TestData/App/manhua.apk, noReset=true, noSign=true, newCommandTimeout=60000, platformVersion=6.0, automationName=Appium, sessionOverride=false, unicodeKeyboard=true, platformName=Android, deviceName=emulator-5554, fullReset=false, resetKeyboard=true}, newCommandTimeout=60000, platformVersion=6.0.1, webStorageEnabled=false, automationName=Appium, takesScreenshot=true, javascriptEnabled=true, unicodeKeyboard=true, platformName=Android, deviceManufacturer=Meizu, resetKeyboard=true, app=/Users/jiapeng/Downloads/Appium/TestData/App/manhua.apk, deviceScreenSize=1440x2560, networkConnectionEnabled=true, noSign=true, warnings={}, appWaitPackage=com.weibo.comic, appWaitActivity=com.sina.anime.ui.activity.SplashActivity, databaseEnabled=false, appActivity=com.sina.anime.ui.activity.SplashActivity, locationContextEnabled=false, deviceModel=PRO 6 Plus, sessionOverride=false}]
Session ID: bf9775c6-9aea-4965-9989-85c9c0527fef
	at org.openqa.selenium.remote.RemoteWebDriver.execute(RemoteWebDriver.java:665)
	at io.appium.java_client.DefaultGenericMobileDriver.execute(DefaultGenericMobileDriver.java:42)
	at io.appium.java_client.AppiumDriver.execute(AppiumDriver.java:1)
	at io.appium.java_client.android.AndroidDriver.execute(AndroidDriver.java:1)
	at org.openqa.selenium.remote.RemoteWebDriver$RemoteWebDriverOptions$RemoteTimeouts.implicitlyWait(RemoteWebDriver.java:865)
	at com.manhua.handler.ClickActionHandler.androidClick(ClickActionHandler.java:106)
	... 39 more
Caused by: org.openqa.selenium.WebDriverException: org.apache.http.conn.HttpHostConnectException: Connect to 127.0.0.1:4723 [/127.0.0.1] failed: Connection refused (Connection refused)
Build info: version: '2.53.0', revision: '35ae25b1534ae328c771e0856c93e187490ca824', time: '2016-03-15 10:43:46'
System info: host: 'jiapengdeMacBook-Pro.local', ip: '192.168.1.131', os.name: 'Mac OS X', os.arch: 'x86_64', os.version: '10.13.5', java.version: '1.8.0_144'
Driver info: driver.version: AndroidDriver
	at io.appium.java_client.remote.AppiumCommandExecutor.execute(AppiumCommandExecutor.java:79)
	at org.openqa.selenium.remote.RemoteWebDriver.execute(RemoteWebDriver.java:644)
	... 44 more
Caused by: org.apache.http.conn.HttpHostConnectException: Connect to 127.0.0.1:4723 [/127.0.0.1] failed: Connection refused (Connection refused)
	at org.apache.http.impl.conn.HttpClientConnectionOperator.connect(HttpClientConnectionOperator.java:140)
	at org.apache.http.impl.conn.PoolingHttpClientConnectionManager.connect(PoolingHttpClientConnectionManager.java:314)
	at org.apache.http.impl.execchain.MainClientExec.establishRoute(MainClientExec.java:363)
	at org.apache.http.impl.execchain.MainClientExec.execute(MainClientExec.java:219)
	at org.apache.http.impl.execchain.ProtocolExec.execute(ProtocolExec.java:195)
	at org.apache.http.impl.execchain.RetryExec.execute(RetryExec.java:86)
	at org.apache.http.impl.execchain.RedirectExec.execute(RedirectExec.java:108)
	at org.apache.http.impl.client.InternalHttpClient.doExecute(InternalHttpClient.java:186)
	at org.apache.http.impl.client.CloseableHttpClient.execute(CloseableHttpClient.java:72)
	at org.apache.http.impl.client.CloseableHttpClient.execute(CloseableHttpClient.java:57)
	at org.openqa.selenium.remote.internal.ApacheHttpClient.fallBackExecute(ApacheHttpClient.java:144)
	at org.openqa.selenium.remote.internal.ApacheHttpClient.execute(ApacheHttpClient.java:90)
	at org.openqa.selenium.remote.HttpCommandExecutor.execute(HttpCommandExecutor.java:142)
	at io.appium.java_client.remote.AppiumCommandExecutor.execute(AppiumCommandExecutor.java:67)
	... 45 more
Caused by: java.net.ConnectException: Connection refused (Connection refused)
	at java.net.PlainSocketImpl.socketConnect(Native Method)
	at java.net.AbstractPlainSocketImpl.doConnect(AbstractPlainSocketImpl.java:350)
	at java.net.AbstractPlainSocketImpl.connectToAddress(AbstractPlainSocketImpl.java:206)
	at java.net.AbstractPlainSocketImpl.connect(AbstractPlainSocketImpl.java:188)
	at java.net.SocksSocketImpl.connect(SocksSocketImpl.java:392)
	at java.net.Socket.connect(Socket.java:589)
	at org.apache.http.conn.socket.PlainConnectionSocketFactory.connectSocket(PlainConnectionSocketFactory.java:72)
	at org.apache.http.impl.conn.HttpClientConnectionOperator.connect(HttpClientConnectionOperator.java:117)
	... 58 more
... Removed 37 stack frames]]>
    </failure>
  </testcase> <!-- case6 -->
  <testcase name="case7" time="5.009" classname="TestCases.manhuaTest">
    <failure type="java.lang.reflect.InvocationTargetException">
      <![CDATA[java.lang.reflect.InvocationTargetException
	at com.manhua.service.RunUnitService.runCase(RunUnitService.java:85)
	at TestCases.manhuaTest.case7(manhuaTest.java:68)
Caused by: org.openqa.selenium.remote.UnreachableBrowserException: Error communicating with the remote browser. It may have died.
Build info: version: '2.53.0', revision: '35ae25b1534ae328c771e0856c93e187490ca824', time: '2016-03-15 10:43:46'
System info: host: 'jiapengdeMacBook-Pro.local', ip: '192.168.1.131', os.name: 'Mac OS X', os.arch: 'x86_64', os.version: '10.13.5', java.version: '1.8.0_144'
Driver info: driver.version: AndroidDriver
Capabilities [{appPackage=com.weibo.comic, noReset=true, deviceName=M960BDPT22664, fullReset=false, platform=LINUX, deviceUDID=M960BDPT22664, desired={app=/Users/jiapeng/Downloads/Appium/TestData/App/manhua.apk, noReset=true, noSign=true, newCommandTimeout=60000, platformVersion=6.0, automationName=Appium, sessionOverride=false, unicodeKeyboard=true, platformName=Android, deviceName=emulator-5554, fullReset=false, resetKeyboard=true}, newCommandTimeout=60000, platformVersion=6.0.1, webStorageEnabled=false, automationName=Appium, takesScreenshot=true, javascriptEnabled=true, unicodeKeyboard=true, platformName=Android, deviceManufacturer=Meizu, resetKeyboard=true, app=/Users/jiapeng/Downloads/Appium/TestData/App/manhua.apk, deviceScreenSize=1440x2560, networkConnectionEnabled=true, noSign=true, warnings={}, appWaitPackage=com.weibo.comic, appWaitActivity=com.sina.anime.ui.activity.SplashActivity, databaseEnabled=false, appActivity=com.sina.anime.ui.activity.SplashActivity, locationContextEnabled=false, deviceModel=PRO 6 Plus, sessionOverride=false}]
Session ID: bf9775c6-9aea-4965-9989-85c9c0527fef
	at org.openqa.selenium.remote.RemoteWebDriver.execute(RemoteWebDriver.java:665)
	at io.appium.java_client.DefaultGenericMobileDriver.execute(DefaultGenericMobileDriver.java:42)
	at io.appium.java_client.AppiumDriver.execute(AppiumDriver.java:1)
	at io.appium.java_client.android.AndroidDriver.execute(AndroidDriver.java:1)
	at org.openqa.selenium.remote.RemoteWebDriver$RemoteWebDriverOptions$RemoteTimeouts.implicitlyWait(RemoteWebDriver.java:865)
	at com.manhua.handler.ClickActionHandler.androidClick(ClickActionHandler.java:106)
	... 39 more
Caused by: org.openqa.selenium.WebDriverException: org.apache.http.conn.HttpHostConnectException: Connect to 127.0.0.1:4723 [/127.0.0.1] failed: Connection refused (Connection refused)
Build info: version: '2.53.0', revision: '35ae25b1534ae328c771e0856c93e187490ca824', time: '2016-03-15 10:43:46'
System info: host: 'jiapengdeMacBook-Pro.local', ip: '192.168.1.131', os.name: 'Mac OS X', os.arch: 'x86_64', os.version: '10.13.5', java.version: '1.8.0_144'
Driver info: driver.version: AndroidDriver
	at io.appium.java_client.remote.AppiumCommandExecutor.execute(AppiumCommandExecutor.java:79)
	at org.openqa.selenium.remote.RemoteWebDriver.execute(RemoteWebDriver.java:644)
	... 44 more
Caused by: org.apache.http.conn.HttpHostConnectException: Connect to 127.0.0.1:4723 [/127.0.0.1] failed: Connection refused (Connection refused)
	at org.apache.http.impl.conn.HttpClientConnectionOperator.connect(HttpClientConnectionOperator.java:140)
	at org.apache.http.impl.conn.PoolingHttpClientConnectionManager.connect(PoolingHttpClientConnectionManager.java:314)
	at org.apache.http.impl.execchain.MainClientExec.establishRoute(MainClientExec.java:363)
	at org.apache.http.impl.execchain.MainClientExec.execute(MainClientExec.java:219)
	at org.apache.http.impl.execchain.ProtocolExec.execute(ProtocolExec.java:195)
	at org.apache.http.impl.execchain.RetryExec.execute(RetryExec.java:86)
	at org.apache.http.impl.execchain.RedirectExec.execute(RedirectExec.java:108)
	at org.apache.http.impl.client.InternalHttpClient.doExecute(InternalHttpClient.java:186)
	at org.apache.http.impl.client.CloseableHttpClient.execute(CloseableHttpClient.java:72)
	at org.apache.http.impl.client.CloseableHttpClient.execute(CloseableHttpClient.java:57)
	at org.openqa.selenium.remote.internal.ApacheHttpClient.fallBackExecute(ApacheHttpClient.java:144)
	at org.openqa.selenium.remote.internal.ApacheHttpClient.execute(ApacheHttpClient.java:90)
	at org.openqa.selenium.remote.HttpCommandExecutor.execute(HttpCommandExecutor.java:142)
	at io.appium.java_client.remote.AppiumCommandExecutor.execute(AppiumCommandExecutor.java:67)
	... 45 more
Caused by: java.net.ConnectException: Connection refused (Connection refused)
	at java.net.PlainSocketImpl.socketConnect(Native Method)
	at java.net.AbstractPlainSocketImpl.doConnect(AbstractPlainSocketImpl.java:350)
	at java.net.AbstractPlainSocketImpl.connectToAddress(AbstractPlainSocketImpl.java:206)
	at java.net.AbstractPlainSocketImpl.connect(AbstractPlainSocketImpl.java:188)
	at java.net.SocksSocketImpl.connect(SocksSocketImpl.java:392)
	at java.net.Socket.connect(Socket.java:589)
	at org.apache.http.conn.socket.PlainConnectionSocketFactory.connectSocket(PlainConnectionSocketFactory.java:72)
	at org.apache.http.impl.conn.HttpClientConnectionOperator.connect(HttpClientConnectionOperator.java:117)
	... 58 more
... Removed 37 stack frames]]>
    </failure>
  </testcase> <!-- case7 -->
  <testcase name="case8" time="5.005" classname="TestCases.manhuaTest">
    <failure type="java.lang.reflect.InvocationTargetException">
      <![CDATA[java.lang.reflect.InvocationTargetException
	at com.manhua.service.RunUnitService.runCase(RunUnitService.java:85)
	at TestCases.manhuaTest.case8(manhuaTest.java:75)
Caused by: org.openqa.selenium.remote.UnreachableBrowserException: Error communicating with the remote browser. It may have died.
Build info: version: '2.53.0', revision: '35ae25b1534ae328c771e0856c93e187490ca824', time: '2016-03-15 10:43:46'
System info: host: 'jiapengdeMacBook-Pro.local', ip: '192.168.1.131', os.name: 'Mac OS X', os.arch: 'x86_64', os.version: '10.13.5', java.version: '1.8.0_144'
Driver info: driver.version: AndroidDriver
Capabilities [{appPackage=com.weibo.comic, noReset=true, deviceName=M960BDPT22664, fullReset=false, platform=LINUX, deviceUDID=M960BDPT22664, desired={app=/Users/jiapeng/Downloads/Appium/TestData/App/manhua.apk, noReset=true, noSign=true, newCommandTimeout=60000, platformVersion=6.0, automationName=Appium, sessionOverride=false, unicodeKeyboard=true, platformName=Android, deviceName=emulator-5554, fullReset=false, resetKeyboard=true}, newCommandTimeout=60000, platformVersion=6.0.1, webStorageEnabled=false, automationName=Appium, takesScreenshot=true, javascriptEnabled=true, unicodeKeyboard=true, platformName=Android, deviceManufacturer=Meizu, resetKeyboard=true, app=/Users/jiapeng/Downloads/Appium/TestData/App/manhua.apk, deviceScreenSize=1440x2560, networkConnectionEnabled=true, noSign=true, warnings={}, appWaitPackage=com.weibo.comic, appWaitActivity=com.sina.anime.ui.activity.SplashActivity, databaseEnabled=false, appActivity=com.sina.anime.ui.activity.SplashActivity, locationContextEnabled=false, deviceModel=PRO 6 Plus, sessionOverride=false}]
Session ID: bf9775c6-9aea-4965-9989-85c9c0527fef
	at org.openqa.selenium.remote.RemoteWebDriver.execute(RemoteWebDriver.java:665)
	at io.appium.java_client.DefaultGenericMobileDriver.execute(DefaultGenericMobileDriver.java:42)
	at io.appium.java_client.AppiumDriver.execute(AppiumDriver.java:1)
	at io.appium.java_client.android.AndroidDriver.execute(AndroidDriver.java:1)
	at org.openqa.selenium.remote.RemoteWebDriver$RemoteWebDriverOptions$RemoteWindow.getSize(RemoteWebDriver.java:914)
	at com.manhua.handler.SlideActionHandler.commonSlide(SlideActionHandler.java:185)
	at com.manhua.handler.SlideActionHandler.slideUp(SlideActionHandler.java:74)
	... 39 more
Caused by: org.openqa.selenium.WebDriverException: org.apache.http.conn.HttpHostConnectException: Connect to 127.0.0.1:4723 [/127.0.0.1] failed: Connection refused (Connection refused)
Build info: version: '2.53.0', revision: '35ae25b1534ae328c771e0856c93e187490ca824', time: '2016-03-15 10:43:46'
System info: host: 'jiapengdeMacBook-Pro.local', ip: '192.168.1.131', os.name: 'Mac OS X', os.arch: 'x86_64', os.version: '10.13.5', java.version: '1.8.0_144'
Driver info: driver.version: AndroidDriver
	at io.appium.java_client.remote.AppiumCommandExecutor.execute(AppiumCommandExecutor.java:79)
	at org.openqa.selenium.remote.RemoteWebDriver.execute(RemoteWebDriver.java:644)
	... 45 more
Caused by: org.apache.http.conn.HttpHostConnectException: Connect to 127.0.0.1:4723 [/127.0.0.1] failed: Connection refused (Connection refused)
	at org.apache.http.impl.conn.HttpClientConnectionOperator.connect(HttpClientConnectionOperator.java:140)
	at org.apache.http.impl.conn.PoolingHttpClientConnectionManager.connect(PoolingHttpClientConnectionManager.java:314)
	at org.apache.http.impl.execchain.MainClientExec.establishRoute(MainClientExec.java:363)
	at org.apache.http.impl.execchain.MainClientExec.execute(MainClientExec.java:219)
	at org.apache.http.impl.execchain.ProtocolExec.execute(ProtocolExec.java:195)
	at org.apache.http.impl.execchain.RetryExec.execute(RetryExec.java:86)
	at org.apache.http.impl.execchain.RedirectExec.execute(RedirectExec.java:108)
	at org.apache.http.impl.client.InternalHttpClient.doExecute(InternalHttpClient.java:186)
	at org.apache.http.impl.client.CloseableHttpClient.execute(CloseableHttpClient.java:72)
	at org.apache.http.impl.client.CloseableHttpClient.execute(CloseableHttpClient.java:57)
	at org.openqa.selenium.remote.internal.ApacheHttpClient.fallBackExecute(ApacheHttpClient.java:144)
	at org.openqa.selenium.remote.internal.ApacheHttpClient.execute(ApacheHttpClient.java:90)
	at org.openqa.selenium.remote.HttpCommandExecutor.execute(HttpCommandExecutor.java:142)
	at io.appium.java_client.remote.AppiumCommandExecutor.execute(AppiumCommandExecutor.java:67)
	... 46 more
Caused by: java.net.ConnectException: Connection refused (Connection refused)
	at java.net.PlainSocketImpl.socketConnect(Native Method)
	at java.net.AbstractPlainSocketImpl.doConnect(AbstractPlainSocketImpl.java:350)
	at java.net.AbstractPlainSocketImpl.connectToAddress(AbstractPlainSocketImpl.java:206)
	at java.net.AbstractPlainSocketImpl.connect(AbstractPlainSocketImpl.java:188)
	at java.net.SocksSocketImpl.connect(SocksSocketImpl.java:392)
	at java.net.Socket.connect(Socket.java:589)
	at org.apache.http.conn.socket.PlainConnectionSocketFactory.connectSocket(PlainConnectionSocketFactory.java:72)
	at org.apache.http.impl.conn.HttpClientConnectionOperator.connect(HttpClientConnectionOperator.java:117)
	... 59 more
... Removed 37 stack frames]]>
    </failure>
  </testcase> <!-- case8 -->
  <testcase name="case9" time="5.005" classname="TestCases.manhuaTest">
    <failure type="java.lang.reflect.InvocationTargetException">
      <![CDATA[java.lang.reflect.InvocationTargetException
	at com.manhua.service.RunUnitService.runCase(RunUnitService.java:85)
	at TestCases.manhuaTest.case9(manhuaTest.java:82)
Caused by: org.openqa.selenium.remote.UnreachableBrowserException: Error communicating with the remote browser. It may have died.
Build info: version: '2.53.0', revision: '35ae25b1534ae328c771e0856c93e187490ca824', time: '2016-03-15 10:43:46'
System info: host: 'jiapengdeMacBook-Pro.local', ip: '192.168.1.131', os.name: 'Mac OS X', os.arch: 'x86_64', os.version: '10.13.5', java.version: '1.8.0_144'
Driver info: driver.version: AndroidDriver
Capabilities [{appPackage=com.weibo.comic, noReset=true, deviceName=M960BDPT22664, fullReset=false, platform=LINUX, deviceUDID=M960BDPT22664, desired={app=/Users/jiapeng/Downloads/Appium/TestData/App/manhua.apk, noReset=true, noSign=true, newCommandTimeout=60000, platformVersion=6.0, automationName=Appium, sessionOverride=false, unicodeKeyboard=true, platformName=Android, deviceName=emulator-5554, fullReset=false, resetKeyboard=true}, newCommandTimeout=60000, platformVersion=6.0.1, webStorageEnabled=false, automationName=Appium, takesScreenshot=true, javascriptEnabled=true, unicodeKeyboard=true, platformName=Android, deviceManufacturer=Meizu, resetKeyboard=true, app=/Users/jiapeng/Downloads/Appium/TestData/App/manhua.apk, deviceScreenSize=1440x2560, networkConnectionEnabled=true, noSign=true, warnings={}, appWaitPackage=com.weibo.comic, appWaitActivity=com.sina.anime.ui.activity.SplashActivity, databaseEnabled=false, appActivity=com.sina.anime.ui.activity.SplashActivity, locationContextEnabled=false, deviceModel=PRO 6 Plus, sessionOverride=false}]
Session ID: bf9775c6-9aea-4965-9989-85c9c0527fef
	at org.openqa.selenium.remote.RemoteWebDriver.execute(RemoteWebDriver.java:665)
	at io.appium.java_client.DefaultGenericMobileDriver.execute(DefaultGenericMobileDriver.java:42)
	at io.appium.java_client.AppiumDriver.execute(AppiumDriver.java:1)
	at io.appium.java_client.android.AndroidDriver.execute(AndroidDriver.java:1)
	at org.openqa.selenium.remote.RemoteWebDriver$RemoteWebDriverOptions$RemoteTimeouts.implicitlyWait(RemoteWebDriver.java:865)
	at com.manhua.handler.ClickActionHandler.androidClick(ClickActionHandler.java:106)
	... 39 more
Caused by: org.openqa.selenium.WebDriverException: org.apache.http.conn.HttpHostConnectException: Connect to 127.0.0.1:4723 [/127.0.0.1] failed: Connection refused (Connection refused)
Build info: version: '2.53.0', revision: '35ae25b1534ae328c771e0856c93e187490ca824', time: '2016-03-15 10:43:46'
System info: host: 'jiapengdeMacBook-Pro.local', ip: '192.168.1.131', os.name: 'Mac OS X', os.arch: 'x86_64', os.version: '10.13.5', java.version: '1.8.0_144'
Driver info: driver.version: AndroidDriver
	at io.appium.java_client.remote.AppiumCommandExecutor.execute(AppiumCommandExecutor.java:79)
	at org.openqa.selenium.remote.RemoteWebDriver.execute(RemoteWebDriver.java:644)
	... 44 more
Caused by: org.apache.http.conn.HttpHostConnectException: Connect to 127.0.0.1:4723 [/127.0.0.1] failed: Connection refused (Connection refused)
	at org.apache.http.impl.conn.HttpClientConnectionOperator.connect(HttpClientConnectionOperator.java:140)
	at org.apache.http.impl.conn.PoolingHttpClientConnectionManager.connect(PoolingHttpClientConnectionManager.java:314)
	at org.apache.http.impl.execchain.MainClientExec.establishRoute(MainClientExec.java:363)
	at org.apache.http.impl.execchain.MainClientExec.execute(MainClientExec.java:219)
	at org.apache.http.impl.execchain.ProtocolExec.execute(ProtocolExec.java:195)
	at org.apache.http.impl.execchain.RetryExec.execute(RetryExec.java:86)
	at org.apache.http.impl.execchain.RedirectExec.execute(RedirectExec.java:108)
	at org.apache.http.impl.client.InternalHttpClient.doExecute(InternalHttpClient.java:186)
	at org.apache.http.impl.client.CloseableHttpClient.execute(CloseableHttpClient.java:72)
	at org.apache.http.impl.client.CloseableHttpClient.execute(CloseableHttpClient.java:57)
	at org.openqa.selenium.remote.internal.ApacheHttpClient.fallBackExecute(ApacheHttpClient.java:144)
	at org.openqa.selenium.remote.internal.ApacheHttpClient.execute(ApacheHttpClient.java:90)
	at org.openqa.selenium.remote.HttpCommandExecutor.execute(HttpCommandExecutor.java:142)
	at io.appium.java_client.remote.AppiumCommandExecutor.execute(AppiumCommandExecutor.java:67)
	... 45 more
Caused by: java.net.ConnectException: Connection refused (Connection refused)
	at java.net.PlainSocketImpl.socketConnect(Native Method)
	at java.net.AbstractPlainSocketImpl.doConnect(AbstractPlainSocketImpl.java:350)
	at java.net.AbstractPlainSocketImpl.connectToAddress(AbstractPlainSocketImpl.java:206)
	at java.net.AbstractPlainSocketImpl.connect(AbstractPlainSocketImpl.java:188)
	at java.net.SocksSocketImpl.connect(SocksSocketImpl.java:392)
	at java.net.Socket.connect(Socket.java:589)
	at org.apache.http.conn.socket.PlainConnectionSocketFactory.connectSocket(PlainConnectionSocketFactory.java:72)
	at org.apache.http.impl.conn.HttpClientConnectionOperator.connect(HttpClientConnectionOperator.java:117)
	... 58 more
... Removed 37 stack frames]]>
    </failure>
  </testcase> <!-- case9 -->
</testsuite> <!-- Command line test -->
