-------------------------------------------------------------------------------
Test set: TestCases.manhuaTest
-------------------------------------------------------------------------------
Tests run: 11, Failures: 11, Errors: 0, Skipped: 0, Time elapsed: 53.327 sec <<< FAILURE!
case1(TestCases.manhuaTest)  Time elapsed: 5.01 sec  <<< FAILURE!
java.lang.reflect.InvocationTargetException
	at sun.reflect.NativeMethodAccessorImpl.invoke0(Native Method)
	at sun.reflect.NativeMethodAccessorImpl.invoke(NativeMethodAccessorImpl.java:62)
	at sun.reflect.DelegatingMethodAccessorImpl.invoke(DelegatingMethodAccessorImpl.java:43)
	at java.lang.reflect.Method.invoke(Method.java:498)
	at com.manhua.service.RunUnitService.runCase(RunUnitService.java:85)
	at TestCases.manhuaTest.case1(manhuaTest.java:24)
Caused by: java.lang.NullPointerException
	at com.manhua.handler.ClickActionHandler.androidClick(ClickActionHandler.java:106)
	... 39 more

case11(TestCases.manhuaTest)  Time elapsed: 5.009 sec  <<< FAILURE!
java.lang.reflect.InvocationTargetException
	at sun.reflect.NativeMethodAccessorImpl.invoke0(Native Method)
	at sun.reflect.NativeMethodAccessorImpl.invoke(NativeMethodAccessorImpl.java:62)
	at sun.reflect.DelegatingMethodAccessorImpl.invoke(DelegatingMethodAccessorImpl.java:43)
	at java.lang.reflect.Method.invoke(Method.java:498)
	at com.manhua.service.RunUnitService.runCase(RunUnitService.java:85)
	at TestCases.manhuaTest.case11(manhuaTest.java:89)
Caused by: java.lang.NullPointerException
	at com.manhua.handler.SlideActionHandler.commonSlide(SlideActionHandler.java:185)
	at com.manhua.handler.SlideActionHandler.slideUp(SlideActionHandler.java:74)
	... 39 more

case12(TestCases.manhuaTest)  Time elapsed: 5.005 sec  <<< FAILURE!
java.lang.reflect.InvocationTargetException
	at sun.reflect.NativeMethodAccessorImpl.invoke0(Native Method)
	at sun.reflect.NativeMethodAccessorImpl.invoke(NativeMethodAccessorImpl.java:62)
	at sun.reflect.DelegatingMethodAccessorImpl.invoke(DelegatingMethodAccessorImpl.java:43)
	at java.lang.reflect.Method.invoke(Method.java:498)
	at com.manhua.service.RunUnitService.runCase(RunUnitService.java:85)
	at TestCases.manhuaTest.case12(manhuaTest.java:96)
Caused by: java.lang.NullPointerException
	at com.manhua.handler.ClickActionHandler.androidClick(ClickActionHandler.java:106)
	... 39 more

case2(TestCases.manhuaTest)  Time elapsed: 5.002 sec  <<< FAILURE!
java.lang.reflect.InvocationTargetException
	at sun.reflect.NativeMethodAccessorImpl.invoke0(Native Method)
	at sun.reflect.NativeMethodAccessorImpl.invoke(NativeMethodAccessorImpl.java:62)
	at sun.reflect.DelegatingMethodAccessorImpl.invoke(DelegatingMethodAccessorImpl.java:43)
	at java.lang.reflect.Method.invoke(Method.java:498)
	at com.manhua.service.RunUnitService.runCase(RunUnitService.java:85)
	at TestCases.manhuaTest.case2(manhuaTest.java:32)
Caused by: java.lang.NullPointerException
	at com.manhua.handler.ClickActionHandler.androidClick(ClickActionHandler.java:106)
	... 39 more

case3(TestCases.manhuaTest)  Time elapsed: 0.002 sec  <<< FAILURE!
java.lang.reflect.InvocationTargetException
	at sun.reflect.NativeMethodAccessorImpl.invoke0(Native Method)
	at sun.reflect.NativeMethodAccessorImpl.invoke(NativeMethodAccessorImpl.java:62)
	at sun.reflect.DelegatingMethodAccessorImpl.invoke(DelegatingMethodAccessorImpl.java:43)
	at java.lang.reflect.Method.invoke(Method.java:498)
	at com.manhua.service.RunUnitService.runCase(RunUnitService.java:85)
	at TestCases.manhuaTest.case3(manhuaTest.java:39)
Caused by: java.lang.NullPointerException
	at com.manhua.handler.ClickActionHandler.androidClick(ClickActionHandler.java:106)
	... 39 more

case4(TestCases.manhuaTest)  Time elapsed: 5.004 sec  <<< FAILURE!
java.lang.reflect.InvocationTargetException
	at sun.reflect.NativeMethodAccessorImpl.invoke0(Native Method)
	at sun.reflect.NativeMethodAccessorImpl.invoke(NativeMethodAccessorImpl.java:62)
	at sun.reflect.DelegatingMethodAccessorImpl.invoke(DelegatingMethodAccessorImpl.java:43)
	at java.lang.reflect.Method.invoke(Method.java:498)
	at com.manhua.service.RunUnitService.runCase(RunUnitService.java:85)
	at TestCases.manhuaTest.case4(manhuaTest.java:46)
Caused by: java.lang.NullPointerException
	at com.manhua.handler.ClickActionHandler.androidClick(ClickActionHandler.java:106)
	... 39 more

case5(TestCases.manhuaTest)  Time elapsed: 7.006 sec  <<< FAILURE!
java.lang.reflect.InvocationTargetException
	at sun.reflect.NativeMethodAccessorImpl.invoke0(Native Method)
	at sun.reflect.NativeMethodAccessorImpl.invoke(NativeMethodAccessorImpl.java:62)
	at sun.reflect.DelegatingMethodAccessorImpl.invoke(DelegatingMethodAccessorImpl.java:43)
	at java.lang.reflect.Method.invoke(Method.java:498)
	at com.manhua.service.RunUnitService.runCase(RunUnitService.java:85)
	at TestCases.manhuaTest.case5(manhuaTest.java:53)
Caused by: java.lang.NullPointerException
	at com.manhua.handler.ClickActionHandler.androidClick(ClickActionHandler.java:106)
	... 39 more

case6(TestCases.manhuaTest)  Time elapsed: 5.005 sec  <<< FAILURE!
java.lang.reflect.InvocationTargetException
	at sun.reflect.NativeMethodAccessorImpl.invoke0(Native Method)
	at sun.reflect.NativeMethodAccessorImpl.invoke(NativeMethodAccessorImpl.java:62)
	at sun.reflect.DelegatingMethodAccessorImpl.invoke(DelegatingMethodAccessorImpl.java:43)
	at java.lang.reflect.Method.invoke(Method.java:498)
	at com.manhua.service.RunUnitService.runCase(RunUnitService.java:85)
	at TestCases.manhuaTest.case6(manhuaTest.java:60)
Caused by: java.lang.NullPointerException
	at com.manhua.handler.ClickActionHandler.androidClick(ClickActionHandler.java:106)
	... 39 more

case7(TestCases.manhuaTest)  Time elapsed: 5.006 sec  <<< FAILURE!
java.lang.reflect.InvocationTargetException
	at sun.reflect.NativeMethodAccessorImpl.invoke0(Native Method)
	at sun.reflect.NativeMethodAccessorImpl.invoke(NativeMethodAccessorImpl.java:62)
	at sun.reflect.DelegatingMethodAccessorImpl.invoke(DelegatingMethodAccessorImpl.java:43)
	at java.lang.reflect.Method.invoke(Method.java:498)
	at com.manhua.service.RunUnitService.runCase(RunUnitService.java:85)
	at TestCases.manhuaTest.case7(manhuaTest.java:68)
Caused by: java.lang.NullPointerException
	at com.manhua.handler.ClickActionHandler.androidClick(ClickActionHandler.java:106)
	... 39 more

case8(TestCases.manhuaTest)  Time elapsed: 5.006 sec  <<< FAILURE!
java.lang.reflect.InvocationTargetException
	at sun.reflect.NativeMethodAccessorImpl.invoke0(Native Method)
	at sun.reflect.NativeMethodAccessorImpl.invoke(NativeMethodAccessorImpl.java:62)
	at sun.reflect.DelegatingMethodAccessorImpl.invoke(DelegatingMethodAccessorImpl.java:43)
	at java.lang.reflect.Method.invoke(Method.java:498)
	at com.manhua.service.RunUnitService.runCase(RunUnitService.java:85)
	at TestCases.manhuaTest.case8(manhuaTest.java:75)
Caused by: java.lang.NullPointerException
	at com.manhua.handler.SlideActionHandler.commonSlide(SlideActionHandler.java:185)
	at com.manhua.handler.SlideActionHandler.slideUp(SlideActionHandler.java:74)
	... 39 more

case9(TestCases.manhuaTest)  Time elapsed: 5.003 sec  <<< FAILURE!
java.lang.reflect.InvocationTargetException
	at sun.reflect.NativeMethodAccessorImpl.invoke0(Native Method)
	at sun.reflect.NativeMethodAccessorImpl.invoke(NativeMethodAccessorImpl.java:62)
	at sun.reflect.DelegatingMethodAccessorImpl.invoke(DelegatingMethodAccessorImpl.java:43)
	at java.lang.reflect.Method.invoke(Method.java:498)
	at com.manhua.service.RunUnitService.runCase(RunUnitService.java:85)
	at TestCases.manhuaTest.case9(manhuaTest.java:82)
Caused by: java.lang.NullPointerException
	at com.manhua.handler.ClickActionHandler.androidClick(ClickActionHandler.java:106)
	... 39 more

