<?xml version="1.0" encoding="UTF-8" ?>
<testsuite tests="11" failures="11" name="TestCases.manhuaTest" time="52.058" errors="0" skipped="0">
  <properties>
[...]
</properties>
  <testcase classname="TestCases.manhuaTest" name="case1" time="5.01">
    <failure type="java.lang.reflect.InvocationTargetException">java.lang.reflect.InvocationTargetException
	at sun.reflect.NativeMethodAccessorImpl.invoke0(Native Method)
	at sun.reflect.NativeMethodAccessorImpl.invoke(NativeMethodAccessorImpl.java:62)
	at sun.reflect.DelegatingMethodAccessorImpl.invoke(DelegatingMethodAccessorImpl.java:43)
	at java.lang.reflect.Method.invoke(Method.java:498)
	at com.manhua.service.RunUnitService.runCase(RunUnitService.java:85)
	at TestCases.manhuaTest.case1(manhuaTest.java:24)
Caused by: java.lang.NullPointerException
	at com.manhua.handler.ClickActionHandler.androidClick(ClickActionHandler.java:106)
	... 39 more
</failure>
    <system-out>Configuring TestNG with: org.apache.maven.surefire.testng.conf.TestNG652Configurator@3a4afd8d
初始化Android设备,耐心等待App启动ing...
-----------------------------------【微博漫画整体流程测试】-----------------------------------
『正常测试』开始执行: &lt;强制等待5秒&gt;
『正常测试』开始执行: &lt;点击我的&gt;
</system-out>
    <system-err>org.openqa.selenium.remote.UnreachableBrowserException: Could not start a new session. Possible causes are invalid address of the remote server or browser start-up failure.
Build info: version: &apos;2.53.0&apos;, revision: &apos;35ae25b1534ae328c771e0856c93e187490ca824&apos;, time: &apos;2016-03-15 10:43:46&apos;
System info: host: &apos;jiapengdeMacBook-Pro.local&apos;, ip: &apos;192.168.1.131&apos;, os.name: &apos;Mac OS X&apos;, os.arch: &apos;x86_64&apos;, os.version: &apos;10.13.5&apos;, java.version: &apos;1.8.0_144&apos;
Driver info: driver.version: AndroidDriver
	at org.openqa.selenium.remote.RemoteWebDriver.execute(RemoteWebDriver.java:665)
	at io.appium.java_client.DefaultGenericMobileDriver.execute(DefaultGenericMobileDriver.java:42)
	at io.appium.java_client.AppiumDriver.execute(AppiumDriver.java:1)
	at io.appium.java_client.android.AndroidDriver.execute(AndroidDriver.java:1)
	at org.openqa.selenium.remote.RemoteWebDriver.startSession(RemoteWebDriver.java:249)
	at org.openqa.selenium.remote.RemoteWebDriver.&lt;init&gt;(RemoteWebDriver.java:131)
	at org.openqa.selenium.remote.RemoteWebDriver.&lt;init&gt;(RemoteWebDriver.java:144)
	at io.appium.java_client.DefaultGenericMobileDriver.&lt;init&gt;(DefaultGenericMobileDriver.java:37)
	at io.appium.java_client.AppiumDriver.&lt;init&gt;(AppiumDriver.java:161)
	at io.appium.java_client.AppiumDriver.&lt;init&gt;(AppiumDriver.java:170)
	at io.appium.java_client.android.AndroidDriver.&lt;init&gt;(AndroidDriver.java:82)
	at com.manhua.service.AndroidXmlParseService.appiumConfigure(AndroidXmlParseService.java:114)
	at com.manhua.service.AndroidXmlParseService.parse(AndroidXmlParseService.java:241)
	at TestCases.manhuaTest.stup(manhuaTest.java:16)
	at sun.reflect.NativeMethodAccessorImpl.invoke0(Native Method)
	at sun.reflect.NativeMethodAccessorImpl.invoke(NativeMethodAccessorImpl.java:62)
	at sun.reflect.DelegatingMethodAccessorImpl.invoke(DelegatingMethodAccessorImpl.java:43)
	at java.lang.reflect.Method.invoke(Method.java:498)
	at org.testng.internal.MethodInvocationHelper.invokeMethod(MethodInvocationHelper.java:86)
	at org.testng.internal.Invoker.invokeConfigurationMethod(Invoker.java:514)
	at org.testng.internal.Invoker.invokeConfigurations(Invoker.java:215)
	at org.testng.internal.Invoker.invokeConfigurations(Invoker.java:142)
	at org.testng.TestRunner.beforeRun(TestRunner.java:656)
	at org.testng.TestRunner.run(TestRunner.java:624)
	at org.testng.SuiteRunner.runTest(SuiteRunner.java:366)
	at org.testng.SuiteRunner.runSequentially(SuiteRunner.java:361)
	at org.testng.SuiteRunner.privateRun(SuiteRunner.java:319)
	at org.testng.SuiteRunner.run(SuiteRunner.java:268)
	at org.testng.SuiteRunnerWorker.runSuite(SuiteRunnerWorker.java:52)
	at org.testng.SuiteRunnerWorker.run(SuiteRunnerWorker.java:86)
	at org.testng.TestNG.runSuitesSequentially(TestNG.java:1244)
	at org.testng.TestNG.runSuitesLocally(TestNG.java:1169)
	at org.testng.TestNG.run(TestNG.java:1064)
	at org.apache.maven.surefire.testng.TestNGExecutor.run(TestNGExecutor.java:77)
	at org.apache.maven.surefire.testng.TestNGDirectoryTestSuite.execute(TestNGDirectoryTestSuite.java:110)
	at org.apache.maven.surefire.testng.TestNGProvider.invoke(TestNGProvider.java:106)
	at sun.reflect.NativeMethodAccessorImpl.invoke0(Native Method)
	at sun.reflect.NativeMethodAccessorImpl.invoke(NativeMethodAccessorImpl.java:62)
	at sun.reflect.DelegatingMethodAccessorImpl.invoke(DelegatingMethodAccessorImpl.java:43)
	at java.lang.reflect.Method.invoke(Method.java:498)
	at org.apache.maven.surefire.util.ReflectionUtils.invokeMethodWithArray(ReflectionUtils.java:189)
	at org.apache.maven.surefire.booter.ProviderFactory$ProviderProxy.invoke(ProviderFactory.java:165)
	at org.apache.maven.surefire.booter.ProviderFactory.invokeProvider(ProviderFactory.java:85)
	at org.apache.maven.surefire.booter.ForkedBooter.runSuitesInProcess(ForkedBooter.java:115)
	at org.apache.maven.surefire.booter.ForkedBooter.main(ForkedBooter.java:75)
Caused by: org.openqa.selenium.WebDriverException: org.apache.http.conn.HttpHostConnectException: Connect to 127.0.0.1:4723 [/127.0.0.1] failed: Connection refused (Connection refused)
Build info: version: &apos;2.53.0&apos;, revision: &apos;35ae25b1534ae328c771e0856c93e187490ca824&apos;, time: &apos;2016-03-15 10:43:46&apos;
System info: host: &apos;jiapengdeMacBook-Pro.local&apos;, ip: &apos;192.168.1.131&apos;, os.name: &apos;Mac OS X&apos;, os.arch: &apos;x86_64&apos;, os.version: &apos;10.13.5&apos;, java.version: &apos;1.8.0_144&apos;
Driver info: driver.version: AndroidDriver
	at io.appium.java_client.remote.AppiumCommandExecutor.execute(AppiumCommandExecutor.java:79)
	at org.openqa.selenium.remote.RemoteWebDriver.execute(RemoteWebDriver.java:644)
	... 44 more
Caused by: org.apache.http.conn.HttpHostConnectException: Connect to 127.0.0.1:4723 [/127.0.0.1] failed: Connection refused (Connection refused)
	at org.apache.http.impl.conn.HttpClientConnectionOperator.connect(HttpClientConnectionOperator.java:140)
	at org.apache.http.impl.conn.PoolingHttpClientConnectionManager.connect(PoolingHttpClientConnectionManager.java:314)
	at org.apache.http.impl.execchain.MainClientExec.establishRoute(MainClientExec.java:363)
	at org.apache.http.impl.execchain.MainClientExec.execute(MainClientExec.java:219)
	at org.apache.http.impl.execchain.ProtocolExec.execute(ProtocolExec.java:195)
	at org.apache.http.impl.execchain.RetryExec.execute(RetryExec.java:86)
	at org.apache.http.impl.execchain.RedirectExec.execute(RedirectExec.java:108)
	at org.apache.http.impl.client.InternalHttpClient.doExecute(InternalHttpClient.java:186)
	at org.apache.http.impl.client.CloseableHttpClient.execute(CloseableHttpClient.java:72)
	at org.apache.http.impl.client.CloseableHttpClient.execute(CloseableHttpClient.java:57)
	at org.openqa.selenium.remote.internal.ApacheHttpClient.fallBackExecute(ApacheHttpClient.java:144)
	at org.openqa.selenium.remote.internal.ApacheHttpClient.execute(ApacheHttpClient.java:90)
	at org.openqa.selenium.remote.HttpCommandExecutor.execute(HttpCommandExecutor.java:142)
	at io.appium.java_client.remote.AppiumCommandExecutor.execute(AppiumCommandExecutor.java:67)
	... 45 more
Caused by: java.net.ConnectException: Connection refused (Connection refused)
	at java.net.PlainSocketImpl.socketConnect(Native Method)
	at java.net.AbstractPlainSocketImpl.doConnect(AbstractPlainSocketImpl.java:350)
	at java.net.AbstractPlainSocketImpl.connectToAddress(AbstractPlainSocketImpl.java:206)
	at java.net.AbstractPlainSocketImpl.connect(AbstractPlainSocketImpl.java:188)
	at java.net.SocksSocketImpl.connect(SocksSocketImpl.java:392)
	at java.net.Socket.connect(Socket.java:589)
	at org.apache.http.conn.socket.PlainConnectionSocketFactory.connectSocket(PlainConnectionSocketFactory.java:72)
	at org.apache.http.impl.conn.HttpClientConnectionOperator.connect(HttpClientConnectionOperator.java:117)
	... 58 more
</system-err>
  </testcase>
  <testcase classname="TestCases.manhuaTest" name="case11" time="5.009">
    <failure type="java.lang.reflect.InvocationTargetException">java.lang.reflect.InvocationTargetException
	at sun.reflect.NativeMethodAccessorImpl.invoke0(Native Method)
	at sun.reflect.NativeMethodAccessorImpl.invoke(NativeMethodAccessorImpl.java:62)
	at sun.reflect.DelegatingMethodAccessorImpl.invoke(DelegatingMethodAccessorImpl.java:43)
	at java.lang.reflect.Method.invoke(Method.java:498)
	at com.manhua.service.RunUnitService.runCase(RunUnitService.java:85)
	at TestCases.manhuaTest.case11(manhuaTest.java:89)
Caused by: java.lang.NullPointerException
	at com.manhua.handler.SlideActionHandler.commonSlide(SlideActionHandler.java:185)
	at com.manhua.handler.SlideActionHandler.slideUp(SlideActionHandler.java:74)
	... 39 more
</failure>
    <system-out>『正常测试』开始执行: &lt;强制等待5秒&gt;
『正常测试』开始执行: &lt;向上滑动5次，每次滑动时间500毫秒&gt;
</system-out>
  </testcase>
  <testcase classname="TestCases.manhuaTest" name="case12" time="5.005">
    <failure type="java.lang.reflect.InvocationTargetException">java.lang.reflect.InvocationTargetException
	at sun.reflect.NativeMethodAccessorImpl.invoke0(Native Method)
	at sun.reflect.NativeMethodAccessorImpl.invoke(NativeMethodAccessorImpl.java:62)
	at sun.reflect.DelegatingMethodAccessorImpl.invoke(DelegatingMethodAccessorImpl.java:43)
	at java.lang.reflect.Method.invoke(Method.java:498)
	at com.manhua.service.RunUnitService.runCase(RunUnitService.java:85)
	at TestCases.manhuaTest.case12(manhuaTest.java:96)
Caused by: java.lang.NullPointerException
	at com.manhua.handler.ClickActionHandler.androidClick(ClickActionHandler.java:106)
	... 39 more
</failure>
    <system-out>『正常测试』开始执行: &lt;强制等待5秒&gt;
『正常测试』开始执行: &lt;点击我的&gt;
</system-out>
  </testcase>
  <testcase classname="TestCases.manhuaTest" name="case2" time="5.002">
    <failure type="java.lang.reflect.InvocationTargetException">java.lang.reflect.InvocationTargetException
	at sun.reflect.NativeMethodAccessorImpl.invoke0(Native Method)
	at sun.reflect.NativeMethodAccessorImpl.invoke(NativeMethodAccessorImpl.java:62)
	at sun.reflect.DelegatingMethodAccessorImpl.invoke(DelegatingMethodAccessorImpl.java:43)
	at java.lang.reflect.Method.invoke(Method.java:498)
	at com.manhua.service.RunUnitService.runCase(RunUnitService.java:85)
	at TestCases.manhuaTest.case2(manhuaTest.java:32)
Caused by: java.lang.NullPointerException
	at com.manhua.handler.ClickActionHandler.androidClick(ClickActionHandler.java:106)
	... 39 more
</failure>
    <system-out>『正常测试』开始执行: &lt;强制等待5秒&gt;
『正常测试』开始执行: &lt;点击漫画icon&gt;
</system-out>
  </testcase>
  <testcase classname="TestCases.manhuaTest" name="case3" time="0.002">
    <failure type="java.lang.reflect.InvocationTargetException">java.lang.reflect.InvocationTargetException
	at sun.reflect.NativeMethodAccessorImpl.invoke0(Native Method)
	at sun.reflect.NativeMethodAccessorImpl.invoke(NativeMethodAccessorImpl.java:62)
	at sun.reflect.DelegatingMethodAccessorImpl.invoke(DelegatingMethodAccessorImpl.java:43)
	at java.lang.reflect.Method.invoke(Method.java:498)
	at com.manhua.service.RunUnitService.runCase(RunUnitService.java:85)
	at TestCases.manhuaTest.case3(manhuaTest.java:39)
Caused by: java.lang.NullPointerException
	at com.manhua.handler.ClickActionHandler.androidClick(ClickActionHandler.java:106)
	... 39 more
</failure>
    <system-out>『正常测试』开始执行: &lt;点击删除搜索框的内容&gt;
</system-out>
  </testcase>
  <testcase classname="TestCases.manhuaTest" name="case4" time="5.004">
    <failure type="java.lang.reflect.InvocationTargetException">java.lang.reflect.InvocationTargetException
	at sun.reflect.NativeMethodAccessorImpl.invoke0(Native Method)
	at sun.reflect.NativeMethodAccessorImpl.invoke(NativeMethodAccessorImpl.java:62)
	at sun.reflect.DelegatingMethodAccessorImpl.invoke(DelegatingMethodAccessorImpl.java:43)
	at java.lang.reflect.Method.invoke(Method.java:498)
	at com.manhua.service.RunUnitService.runCase(RunUnitService.java:85)
	at TestCases.manhuaTest.case4(manhuaTest.java:46)
Caused by: java.lang.NullPointerException
	at com.manhua.handler.ClickActionHandler.androidClick(ClickActionHandler.java:106)
	... 39 more
</failure>
    <system-out>『正常测试』开始执行: &lt;强制等待5秒&gt;
『正常测试』开始执行: &lt;点击banner&gt;
</system-out>
  </testcase>
  <testcase classname="TestCases.manhuaTest" name="case5" time="7.006">
    <failure type="java.lang.reflect.InvocationTargetException">java.lang.reflect.InvocationTargetException
	at sun.reflect.NativeMethodAccessorImpl.invoke0(Native Method)
	at sun.reflect.NativeMethodAccessorImpl.invoke(NativeMethodAccessorImpl.java:62)
	at sun.reflect.DelegatingMethodAccessorImpl.invoke(DelegatingMethodAccessorImpl.java:43)
	at java.lang.reflect.Method.invoke(Method.java:498)
	at com.manhua.service.RunUnitService.runCase(RunUnitService.java:85)
	at TestCases.manhuaTest.case5(manhuaTest.java:53)
Caused by: java.lang.NullPointerException
	at com.manhua.handler.ClickActionHandler.androidClick(ClickActionHandler.java:106)
	... 39 more
</failure>
    <system-out>『正常测试』开始执行: &lt;强制等待5秒&gt;
『正常测试』开始执行: &lt;点击下载icon&gt;
</system-out>
  </testcase>
  <testcase classname="TestCases.manhuaTest" name="case6" time="5.005">
    <failure type="java.lang.reflect.InvocationTargetException">java.lang.reflect.InvocationTargetException
	at sun.reflect.NativeMethodAccessorImpl.invoke0(Native Method)
	at sun.reflect.NativeMethodAccessorImpl.invoke(NativeMethodAccessorImpl.java:62)
	at sun.reflect.DelegatingMethodAccessorImpl.invoke(DelegatingMethodAccessorImpl.java:43)
	at java.lang.reflect.Method.invoke(Method.java:498)
	at com.manhua.service.RunUnitService.runCase(RunUnitService.java:85)
	at TestCases.manhuaTest.case6(manhuaTest.java:60)
Caused by: java.lang.NullPointerException
	at com.manhua.handler.ClickActionHandler.androidClick(ClickActionHandler.java:106)
	... 39 more
</failure>
    <system-out>『正常测试』开始执行: &lt;强制等待5秒&gt;
『正常测试』开始执行: &lt;点击分享按钮&gt;
</system-out>
  </testcase>
  <testcase classname="TestCases.manhuaTest" name="case7" time="5.006">
    <failure type="java.lang.reflect.InvocationTargetException">java.lang.reflect.InvocationTargetException
	at sun.reflect.NativeMethodAccessorImpl.invoke0(Native Method)
	at sun.reflect.NativeMethodAccessorImpl.invoke(NativeMethodAccessorImpl.java:62)
	at sun.reflect.DelegatingMethodAccessorImpl.invoke(DelegatingMethodAccessorImpl.java:43)
	at java.lang.reflect.Method.invoke(Method.java:498)
	at com.manhua.service.RunUnitService.runCase(RunUnitService.java:85)
	at TestCases.manhuaTest.case7(manhuaTest.java:68)
Caused by: java.lang.NullPointerException
	at com.manhua.handler.ClickActionHandler.androidClick(ClickActionHandler.java:106)
	... 39 more
</failure>
    <system-out>『正常测试』开始执行: &lt;强制等待5秒&gt;
『正常测试』开始执行: &lt;点击目录按钮&gt;
</system-out>
  </testcase>
  <testcase classname="TestCases.manhuaTest" name="case8" time="5.006">
    <failure type="java.lang.reflect.InvocationTargetException">java.lang.reflect.InvocationTargetException
	at sun.reflect.NativeMethodAccessorImpl.invoke0(Native Method)
	at sun.reflect.NativeMethodAccessorImpl.invoke(NativeMethodAccessorImpl.java:62)
	at sun.reflect.DelegatingMethodAccessorImpl.invoke(DelegatingMethodAccessorImpl.java:43)
	at java.lang.reflect.Method.invoke(Method.java:498)
	at com.manhua.service.RunUnitService.runCase(RunUnitService.java:85)
	at TestCases.manhuaTest.case8(manhuaTest.java:75)
Caused by: java.lang.NullPointerException
	at com.manhua.handler.SlideActionHandler.commonSlide(SlideActionHandler.java:185)
	at com.manhua.handler.SlideActionHandler.slideUp(SlideActionHandler.java:74)
	... 39 more
</failure>
    <system-out>『正常测试』开始执行: &lt;强制等待5秒&gt;
『正常测试』开始执行: &lt;向上滑动1次，每次滑动时间2000毫秒&gt;
</system-out>
  </testcase>
  <testcase classname="TestCases.manhuaTest" name="case9" time="5.003">
    <failure type="java.lang.reflect.InvocationTargetException">java.lang.reflect.InvocationTargetException
	at sun.reflect.NativeMethodAccessorImpl.invoke0(Native Method)
	at sun.reflect.NativeMethodAccessorImpl.invoke(NativeMethodAccessorImpl.java:62)
	at sun.reflect.DelegatingMethodAccessorImpl.invoke(DelegatingMethodAccessorImpl.java:43)
	at java.lang.reflect.Method.invoke(Method.java:498)
	at com.manhua.service.RunUnitService.runCase(RunUnitService.java:85)
	at TestCases.manhuaTest.case9(manhuaTest.java:82)
Caused by: java.lang.NullPointerException
	at com.manhua.handler.ClickActionHandler.androidClick(ClickActionHandler.java:106)
	... 39 more
</failure>
    <system-out>『正常测试』开始执行: &lt;强制等待5秒&gt;
『正常测试』开始执行: &lt;点击阅读按钮&gt;
</system-out>
  </testcase>
</testsuite>